<?xml version="1.0" encoding="UTF-8"?>
<testsuites name="suite4" time="325" tests="24" failures="0" errors="0">
   <testsuite name="suite4" tests="24" failures="0" errors="0" time="325" timestamp="2019-01-01 01:17:55" hostname="USER-PC - A456UQ-HILDA.mshome.net" id="Test Suites/suite4">
      <properties>
         <property name="deviceName" value=""/>
         <property name="devicePlatform" value=""/>
         <property name="logFolder" value="C:\\Users\\USER-PC\\Katalon Studio\\qlue-automation\\Reports\\suite4\\20190101_011753"/>
         <property name="logFiles" value="C:\\Users\\USER-PC\\Katalon Studio\\qlue-automation\\Reports\\suite4\\20190101_011753\\execution0.log"/>
         <property name="attachments" value=""/>
         <property name="hostName" value="USER-PC - A456UQ-HILDA.mshome.net"/>
         <property name="os" value="Windows 10 64bit"/>
         <property name="katalonVersion" value="5.10.0.1"/>
         <property name="browser" value="Chrome 71.0.3578.98"/>
         <property name="hostAddress" value="192.168.137.1"/>
         <property name="sessionId" value="247266f409a47da0efdc113b38622a2e"/>
         <property name="seleniumVersion" value="3.7.1"/>
         <property name="proxyInformation" value="ProxyInformation{proxyOption=NO_PROXY, proxyServerType=HTTP, password=, proxyServerAddress=, proxyServerPort=0}"/>
         <property name="platform" value="Windows 10"/>
      </properties>
      <testcase name="Test Cases/case 1 - open web" classname="Test Cases/case 1 - open web" status="PASSED">
         <system-out><![CDATA[2019-01-01 01:17:55 - [TEST_CASE][PASSED] - Test Cases/case 1 - open web: Test Cases/case 1 - open web

2019-01-01 01:17:55 - [TEST_STEP][PASSED] - openBrowser("http://qlue.co.id"): Browser is opened with url: 'http://qlue.co.id'

2019-01-01 01:17:55 - [MESSAGE][INFO] - Starting 'Chrome' driver

2019-01-01 01:17:55 - [MESSAGE][INFO] - Action delay is set to 0 seconds

2019-01-01 01:18:20 - [MESSAGE][PASSED] - Browser is opened with url: 'http://qlue.co.id']]></system-out>
         <system-err><![CDATA[]]></system-err>
      </testcase>
      <testcase name="Test Cases/case 4 - home" classname="Test Cases/case 4 - home" status="PASSED">
         <system-out><![CDATA[2019-01-01 01:18:20 - [TEST_CASE][PASSED] - Test Cases/case 4 - home: Test Cases/case 4 - home

2019-01-01 01:18:20 - [TEST_STEP][PASSED] - verifyElementVisible(findTestObject("Page_Home - Qlue/p_Jalan Pejaten Barat No. 13 R"), STOP_ON_FAILURE): Object 'Object Repository/Page_Home - Qlue/p_Jalan Pejaten Barat No. 13 R' is visible

2019-01-01 01:18:20 - [MESSAGE][PASSED] - Object 'Object Repository/Page_Home - Qlue/p_Jalan Pejaten Barat No. 13 R' is visible

2019-01-01 01:18:20 - [TEST_STEP][PASSED] - delay(3): Delayed 3 second(s)

2019-01-01 01:18:23 - [MESSAGE][PASSED] - Delayed 3 second(s)]]></system-out>
         <system-err><![CDATA[]]></system-err>
      </testcase>
      <testcase name="Test Cases/case 1 - close web" classname="Test Cases/case 1 - close web" status="PASSED">
         <system-out><![CDATA[2019-01-01 01:18:23 - [TEST_CASE][PASSED] - Test Cases/case 1 - close web: Test Cases/case 1 - close web

2019-01-01 01:18:23 - [TEST_STEP][PASSED] - closeBrowser(): Browser is closed

2019-01-01 01:18:24 - [MESSAGE][PASSED] - Browser is closed]]></system-out>
         <system-err><![CDATA[]]></system-err>
      </testcase>
      <testcase name="Test Cases/case 1 - open web" classname="Test Cases/case 1 - open web" status="PASSED">
         <system-out><![CDATA[2019-01-01 01:18:24 - [TEST_CASE][PASSED] - Test Cases/case 1 - open web: Test Cases/case 1 - open web

2019-01-01 01:18:24 - [TEST_STEP][PASSED] - openBrowser("http://qlue.co.id"): Browser is opened with url: 'http://qlue.co.id'

2019-01-01 01:18:24 - [MESSAGE][INFO] - Starting 'Chrome' driver

2019-01-01 01:18:40 - [MESSAGE][PASSED] - Browser is opened with url: 'http://qlue.co.id']]></system-out>
         <system-err><![CDATA[]]></system-err>
      </testcase>
      <testcase name="Test Cases/case 4 - about us" classname="Test Cases/case 4 - about us" status="PASSED">
         <system-out><![CDATA[2019-01-01 01:18:40 - [TEST_CASE][PASSED] - Test Cases/case 4 - about us: Test Cases/case 4 - about us

2019-01-01 01:18:40 - [TEST_STEP][PASSED] - click(findTestObject("Page_Home - Qlue/a_About Us")): Object: 'Object Repository/Page_Home - Qlue/a_About Us' is clicked on

2019-01-01 01:19:11 - [MESSAGE][PASSED] - Object: 'Object Repository/Page_Home - Qlue/a_About Us' is clicked on

2019-01-01 01:19:11 - [TEST_STEP][PASSED] - verifyElementVisible(findTestObject("Page_About Us - Qlue/p_Jalan Pejaten Barat No. 13 R"), STOP_ON_FAILURE): Object 'Object Repository/Page_About Us - Qlue/p_Jalan Pejaten Barat No. 13 R' is visible

2019-01-01 01:19:11 - [MESSAGE][PASSED] - Object 'Object Repository/Page_About Us - Qlue/p_Jalan Pejaten Barat No. 13 R' is visible

2019-01-01 01:19:11 - [TEST_STEP][PASSED] - delay(3): Delayed 3 second(s)

2019-01-01 01:19:14 - [MESSAGE][PASSED] - Delayed 3 second(s)]]></system-out>
         <system-err><![CDATA[]]></system-err>
      </testcase>
      <testcase name="Test Cases/case 1 - close web" classname="Test Cases/case 1 - close web" status="PASSED">
         <system-out><![CDATA[2019-01-01 01:19:14 - [TEST_CASE][PASSED] - Test Cases/case 1 - close web: Test Cases/case 1 - close web

2019-01-01 01:19:14 - [TEST_STEP][PASSED] - closeBrowser(): Browser is closed

2019-01-01 01:19:15 - [MESSAGE][PASSED] - Browser is closed]]></system-out>
         <system-err><![CDATA[]]></system-err>
      </testcase>
      <testcase name="Test Cases/case 1 - open web" classname="Test Cases/case 1 - open web" status="PASSED">
         <system-out><![CDATA[2019-01-01 01:19:15 - [TEST_CASE][PASSED] - Test Cases/case 1 - open web: Test Cases/case 1 - open web

2019-01-01 01:19:15 - [TEST_STEP][PASSED] - openBrowser("http://qlue.co.id"): Browser is opened with url: 'http://qlue.co.id'

2019-01-01 01:19:15 - [MESSAGE][INFO] - Starting 'Chrome' driver

2019-01-01 01:19:30 - [MESSAGE][PASSED] - Browser is opened with url: 'http://qlue.co.id']]></system-out>
         <system-err><![CDATA[]]></system-err>
      </testcase>
      <testcase name="Test Cases/case 4 - products (solutions)" classname="Test Cases/case 4 - products (solutions)" status="PASSED">
         <system-out><![CDATA[2019-01-01 01:19:30 - [TEST_CASE][PASSED] - Test Cases/case 4 - products (solutions): Test Cases/case 4 - products (solutions)

2019-01-01 01:19:30 - [TEST_STEP][PASSED] - click(findTestObject("Page_Home - Qlue/a_Solutions")): Object: 'Object Repository/Page_Home - Qlue/a_Solutions' is clicked on

2019-01-01 01:19:37 - [MESSAGE][PASSED] - Object: 'Object Repository/Page_Home - Qlue/a_Solutions' is clicked on

2019-01-01 01:19:37 - [TEST_STEP][PASSED] - verifyElementVisible(findTestObject("Page_Solution - Qlue/p_Jalan Pejaten Barat No. 13 R"), STOP_ON_FAILURE): Object 'Object Repository/Page_Solution - Qlue/p_Jalan Pejaten Barat No. 13 R' is visible

2019-01-01 01:19:37 - [MESSAGE][PASSED] - Object 'Object Repository/Page_Solution - Qlue/p_Jalan Pejaten Barat No. 13 R' is visible

2019-01-01 01:19:37 - [TEST_STEP][PASSED] - delay(3): Delayed 3 second(s)

2019-01-01 01:19:40 - [MESSAGE][PASSED] - Delayed 3 second(s)]]></system-out>
         <system-err><![CDATA[]]></system-err>
      </testcase>
      <testcase name="Test Cases/case 1 - close web" classname="Test Cases/case 1 - close web" status="PASSED">
         <system-out><![CDATA[2019-01-01 01:19:40 - [TEST_CASE][PASSED] - Test Cases/case 1 - close web: Test Cases/case 1 - close web

2019-01-01 01:19:40 - [TEST_STEP][PASSED] - closeBrowser(): Browser is closed

2019-01-01 01:19:41 - [MESSAGE][PASSED] - Browser is closed]]></system-out>
         <system-err><![CDATA[]]></system-err>
      </testcase>
      <testcase name="Test Cases/case 1 - open web" classname="Test Cases/case 1 - open web" status="PASSED">
         <system-out><![CDATA[2019-01-01 01:19:41 - [TEST_CASE][PASSED] - Test Cases/case 1 - open web: Test Cases/case 1 - open web

2019-01-01 01:19:41 - [TEST_STEP][PASSED] - openBrowser("http://qlue.co.id"): Browser is opened with url: 'http://qlue.co.id'

2019-01-01 01:19:41 - [MESSAGE][INFO] - Starting 'Chrome' driver

2019-01-01 01:19:58 - [MESSAGE][PASSED] - Browser is opened with url: 'http://qlue.co.id']]></system-out>
         <system-err><![CDATA[]]></system-err>
      </testcase>
      <testcase name="Test Cases/case 4 - were hiring (career)" classname="Test Cases/case 4 - were hiring (career)" status="PASSED">
         <system-out><![CDATA[2019-01-01 01:19:58 - [TEST_CASE][PASSED] - Test Cases/case 4 - were hiring (career): Test Cases/case 4 - were hiring (career)

2019-01-01 01:19:58 - [TEST_STEP][PASSED] - click(findTestObject("Page_Home - Qlue/a_Career")): Object: 'Object Repository/Page_Home - Qlue/a_Career' is clicked on

2019-01-01 01:20:54 - [MESSAGE][PASSED] - Object: 'Object Repository/Page_Home - Qlue/a_Career' is clicked on

2019-01-01 01:20:54 - [TEST_STEP][PASSED] - verifyElementVisible(findTestObject("Page_Career - Qlue/p_Jalan Pejaten Barat No. 13 R"), STOP_ON_FAILURE): Object 'Object Repository/Page_Career - Qlue/p_Jalan Pejaten Barat No. 13 R' is visible

2019-01-01 01:20:54 - [MESSAGE][PASSED] - Object 'Object Repository/Page_Career - Qlue/p_Jalan Pejaten Barat No. 13 R' is visible

2019-01-01 01:20:54 - [TEST_STEP][PASSED] - delay(3): Delayed 3 second(s)

2019-01-01 01:20:57 - [MESSAGE][PASSED] - Delayed 3 second(s)]]></system-out>
         <system-err><![CDATA[]]></system-err>
      </testcase>
      <testcase name="Test Cases/case 1 - close web" classname="Test Cases/case 1 - close web" status="PASSED">
         <system-out><![CDATA[2019-01-01 01:20:57 - [TEST_CASE][PASSED] - Test Cases/case 1 - close web: Test Cases/case 1 - close web

2019-01-01 01:20:57 - [TEST_STEP][PASSED] - closeBrowser(): Browser is closed

2019-01-01 01:20:58 - [MESSAGE][PASSED] - Browser is closed]]></system-out>
         <system-err><![CDATA[]]></system-err>
      </testcase>
      <testcase name="Test Cases/case 1 - open web" classname="Test Cases/case 1 - open web" status="PASSED">
         <system-out><![CDATA[2019-01-01 01:20:58 - [TEST_CASE][PASSED] - Test Cases/case 1 - open web: Test Cases/case 1 - open web

2019-01-01 01:20:58 - [TEST_STEP][PASSED] - openBrowser("http://qlue.co.id"): Browser is opened with url: 'http://qlue.co.id'

2019-01-01 01:20:58 - [MESSAGE][INFO] - Starting 'Chrome' driver

2019-01-01 01:21:18 - [MESSAGE][PASSED] - Browser is opened with url: 'http://qlue.co.id']]></system-out>
         <system-err><![CDATA[]]></system-err>
      </testcase>
      <testcase name="Test Cases/case 4 - contact" classname="Test Cases/case 4 - contact" status="PASSED">
         <system-out><![CDATA[2019-01-01 01:21:18 - [TEST_CASE][PASSED] - Test Cases/case 4 - contact: Test Cases/case 4 - contact

2019-01-01 01:21:18 - [TEST_STEP][PASSED] - click(findTestObject("Page_Home - Qlue/a_Contact")): Object: 'Object Repository/Page_Home - Qlue/a_Contact' is clicked on

2019-01-01 01:21:32 - [MESSAGE][PASSED] - Object: 'Object Repository/Page_Home - Qlue/a_Contact' is clicked on

2019-01-01 01:21:32 - [TEST_STEP][PASSED] - verifyElementVisible(findTestObject("Page_Contact - Qlue/p_Jalan Pejaten Barat No. 13 R"), STOP_ON_FAILURE): Object 'Object Repository/Page_Contact - Qlue/p_Jalan Pejaten Barat No. 13 R' is visible

2019-01-01 01:21:32 - [MESSAGE][PASSED] - Object 'Object Repository/Page_Contact - Qlue/p_Jalan Pejaten Barat No. 13 R' is visible

2019-01-01 01:21:32 - [TEST_STEP][PASSED] - delay(3): Delayed 3 second(s)

2019-01-01 01:21:35 - [MESSAGE][PASSED] - Delayed 3 second(s)]]></system-out>
         <system-err><![CDATA[]]></system-err>
      </testcase>
      <testcase name="Test Cases/case 1 - close web" classname="Test Cases/case 1 - close web" status="PASSED">
         <system-out><![CDATA[2019-01-01 01:21:35 - [TEST_CASE][PASSED] - Test Cases/case 1 - close web: Test Cases/case 1 - close web

2019-01-01 01:21:35 - [TEST_STEP][PASSED] - closeBrowser(): Browser is closed

2019-01-01 01:21:36 - [MESSAGE][PASSED] - Browser is closed]]></system-out>
         <system-err><![CDATA[]]></system-err>
      </testcase>
      <testcase name="Test Cases/case 1 - open web" classname="Test Cases/case 1 - open web" status="PASSED">
         <system-out><![CDATA[2019-01-01 01:21:36 - [TEST_CASE][PASSED] - Test Cases/case 1 - open web: Test Cases/case 1 - open web

2019-01-01 01:21:36 - [TEST_STEP][PASSED] - openBrowser("http://qlue.co.id"): Browser is opened with url: 'http://qlue.co.id'

2019-01-01 01:21:36 - [MESSAGE][INFO] - Starting 'Chrome' driver

2019-01-01 01:21:54 - [MESSAGE][PASSED] - Browser is opened with url: 'http://qlue.co.id']]></system-out>
         <system-err><![CDATA[]]></system-err>
      </testcase>
      <testcase name="Test Cases/case 4 - privacy policy" classname="Test Cases/case 4 - privacy policy" status="PASSED">
         <system-out><![CDATA[2019-01-01 01:21:54 - [TEST_CASE][PASSED] - Test Cases/case 4 - privacy policy: Test Cases/case 4 - privacy policy

2019-01-01 01:21:55 - [TEST_STEP][PASSED] - click(findTestObject("Page_Home - Qlue/a_Privacy Policy")): Object: 'Object Repository/Page_Home - Qlue/a_Privacy Policy' is clicked on

2019-01-01 01:22:04 - [MESSAGE][PASSED] - Object: 'Object Repository/Page_Home - Qlue/a_Privacy Policy' is clicked on

2019-01-01 01:22:04 - [TEST_STEP][PASSED] - verifyElementVisible(findTestObject("Page_Privacy-policy - Qlue/p_Jalan Pejaten Barat No. 13 R"), STOP_ON_FAILURE): Object 'Object Repository/Page_Privacy-policy - Qlue/p_Jalan Pejaten Barat No. 13 R' is visible

2019-01-01 01:22:04 - [MESSAGE][PASSED] - Object 'Object Repository/Page_Privacy-policy - Qlue/p_Jalan Pejaten Barat No. 13 R' is visible

2019-01-01 01:22:04 - [TEST_STEP][PASSED] - delay(3): Delayed 3 second(s)

2019-01-01 01:22:07 - [MESSAGE][PASSED] - Delayed 3 second(s)]]></system-out>
         <system-err><![CDATA[]]></system-err>
      </testcase>
      <testcase name="Test Cases/case 1 - close web" classname="Test Cases/case 1 - close web" status="PASSED">
         <system-out><![CDATA[2019-01-01 01:22:07 - [TEST_CASE][PASSED] - Test Cases/case 1 - close web: Test Cases/case 1 - close web

2019-01-01 01:22:07 - [TEST_STEP][PASSED] - closeBrowser(): Browser is closed

2019-01-01 01:22:08 - [MESSAGE][PASSED] - Browser is closed]]></system-out>
         <system-err><![CDATA[]]></system-err>
      </testcase>
      <testcase name="Test Cases/case 1 - open web" classname="Test Cases/case 1 - open web" status="PASSED">
         <system-out><![CDATA[2019-01-01 01:22:08 - [TEST_CASE][PASSED] - Test Cases/case 1 - open web: Test Cases/case 1 - open web

2019-01-01 01:22:08 - [TEST_STEP][PASSED] - openBrowser("http://qlue.co.id"): Browser is opened with url: 'http://qlue.co.id'

2019-01-01 01:22:08 - [MESSAGE][INFO] - Starting 'Chrome' driver

2019-01-01 01:22:24 - [MESSAGE][PASSED] - Browser is opened with url: 'http://qlue.co.id']]></system-out>
         <system-err><![CDATA[]]></system-err>
      </testcase>
      <testcase name="Test Cases/case 4 - projects (blog)" classname="Test Cases/case 4 - projects (blog)" status="PASSED">
         <system-out><![CDATA[2019-01-01 01:22:24 - [TEST_CASE][PASSED] - Test Cases/case 4 - projects (blog): Test Cases/case 4 - projects (blog)

2019-01-01 01:22:24 - [TEST_STEP][PASSED] - click(findTestObject("Page_Home - Qlue/a_Blog")): Object: 'Object Repository/Page_Home - Qlue/a_Blog' is clicked on

2019-01-01 01:22:34 - [MESSAGE][PASSED] - Object: 'Object Repository/Page_Home - Qlue/a_Blog' is clicked on

2019-01-01 01:22:34 - [TEST_STEP][PASSED] - verifyElementVisible(findTestObject("Page_Blog - Qlue/p_Jalan Pejaten Barat No. 13 R"), STOP_ON_FAILURE): Object 'Object Repository/Page_Blog - Qlue/p_Jalan Pejaten Barat No. 13 R' is visible

2019-01-01 01:22:34 - [MESSAGE][PASSED] - Object 'Object Repository/Page_Blog - Qlue/p_Jalan Pejaten Barat No. 13 R' is visible

2019-01-01 01:22:34 - [TEST_STEP][PASSED] - delay(3): Delayed 3 second(s)

2019-01-01 01:22:37 - [MESSAGE][PASSED] - Delayed 3 second(s)]]></system-out>
         <system-err><![CDATA[]]></system-err>
      </testcase>
      <testcase name="Test Cases/case 1 - close web" classname="Test Cases/case 1 - close web" status="PASSED">
         <system-out><![CDATA[2019-01-01 01:22:37 - [TEST_CASE][PASSED] - Test Cases/case 1 - close web: Test Cases/case 1 - close web

2019-01-01 01:22:37 - [TEST_STEP][PASSED] - closeBrowser(): Browser is closed

2019-01-01 01:22:38 - [MESSAGE][PASSED] - Browser is closed]]></system-out>
         <system-err><![CDATA[]]></system-err>
      </testcase>
      <testcase name="Test Cases/case 1 - open web" classname="Test Cases/case 1 - open web" status="PASSED">
         <system-out><![CDATA[2019-01-01 01:22:38 - [TEST_CASE][PASSED] - Test Cases/case 1 - open web: Test Cases/case 1 - open web

2019-01-01 01:22:38 - [TEST_STEP][PASSED] - openBrowser("http://qlue.co.id"): Browser is opened with url: 'http://qlue.co.id'

2019-01-01 01:22:38 - [MESSAGE][INFO] - Starting 'Chrome' driver

2019-01-01 01:22:55 - [MESSAGE][PASSED] - Browser is opened with url: 'http://qlue.co.id']]></system-out>
         <system-err><![CDATA[]]></system-err>
      </testcase>
      <testcase name="Test Cases/case 4 - partner (alliances)" classname="Test Cases/case 4 - partner (alliances)" status="PASSED">
         <system-out><![CDATA[2019-01-01 01:22:55 - [TEST_CASE][PASSED] - Test Cases/case 4 - partner (alliances): Test Cases/case 4 - partner (alliances)

2019-01-01 01:22:55 - [TEST_STEP][PASSED] - click(findTestObject("Page_Home - Qlue/a_Partner")): Object: 'Object Repository/Page_Home - Qlue/a_Partner' is clicked on

2019-01-01 01:23:16 - [MESSAGE][PASSED] - Object: 'Object Repository/Page_Home - Qlue/a_Partner' is clicked on

2019-01-01 01:23:16 - [TEST_STEP][PASSED] - verifyElementVisible(findTestObject("Page_Partner - Qlue/p_Jalan Pejaten Barat No. 13 R"), STOP_ON_FAILURE): Object 'Object Repository/Page_Partner - Qlue/p_Jalan Pejaten Barat No. 13 R' is visible

2019-01-01 01:23:16 - [MESSAGE][PASSED] - Object 'Object Repository/Page_Partner - Qlue/p_Jalan Pejaten Barat No. 13 R' is visible

2019-01-01 01:23:16 - [TEST_STEP][PASSED] - delay(3): Delayed 3 second(s)

2019-01-01 01:23:19 - [MESSAGE][PASSED] - Delayed 3 second(s)]]></system-out>
         <system-err><![CDATA[]]></system-err>
      </testcase>
      <testcase name="Test Cases/case 1 - close web" classname="Test Cases/case 1 - close web" status="PASSED">
         <system-out><![CDATA[2019-01-01 01:23:19 - [TEST_CASE][PASSED] - Test Cases/case 1 - close web: Test Cases/case 1 - close web

2019-01-01 01:23:19 - [TEST_STEP][PASSED] - closeBrowser(): Browser is closed

2019-01-01 01:23:20 - [MESSAGE][PASSED] - Browser is closed]]></system-out>
         <system-err><![CDATA[]]></system-err>
      </testcase>
      <system-out><![CDATA[2019-01-01 01:17:55 - [TEST_SUITE][PASSED] - suite4: Test Cases/case 1 - close web]]></system-out>
      <system-err><![CDATA[]]></system-err>
   </testsuite>
</testsuites>
